<?xml version="1.0" encoding="UTF-8"?>
<!-- Generated by org.testng.reporters.JUnitXMLReporter -->
<testsuite ignored="0" hostname="DESKTOP-LSPGT29" failures="2" tests="3" name="Test" time="0.11" errors="0" timestamp="2024-08-06T14:05:39 IST">
  <testcase classname="com.demo.test.ChekOutTest" name="@AfterMethod teardown" time="0.002">
    <failure type="java.lang.NullPointerException" message="Cannot invoke &amp;quot;org.openqa.selenium.WebDriver.quit()&amp;quot; because &amp;quot;this.driver&amp;quot; is null">
      <![CDATA[java.lang.NullPointerException: Cannot invoke "org.openqa.selenium.WebDriver.quit()" because "this.driver" is null
at com.demo.test.ChekOutTest.teardown(ChekOutTest.java:37)
at java.base/java.util.ArrayList.forEach(ArrayList.java:1596)
... Removed 30 stack frames]]>
    </failure>
  </testcase> <!-- @AfterMethod teardown -->
  <testcase classname="com.demo.test.LoginTest" name="@BeforeMethod setup" time="0.001">
    <failure type="java.lang.Error" message="Unresolved compilation problem: 
	C cannot be resolved to a type
">
      <![CDATA[java.lang.Error: Unresolved compilation problem: 
C cannot be resolved to a type

at com.demo.test.LoginTest.setup(LoginTest.java:20)
at java.base/java.util.ArrayList.forEach(ArrayList.java:1596)
... Removed 29 stack frames]]>
    </failure>
  </testcase> <!-- @BeforeMethod setup -->
  <testcase classname="com.demo.test.ChekOutTest" name="ChekOutprocess" time="0.024">
    <failure type="java.lang.NullPointerException" message="Cannot invoke &amp;quot;org.openqa.selenium.WebDriver.findElement(org.openqa.selenium.By)&amp;quot; because &amp;quot;this.driver&amp;quot; is null">
      <![CDATA[java.lang.NullPointerException: Cannot invoke "org.openqa.selenium.WebDriver.findElement(org.openqa.selenium.By)" because "this.driver" is null
at com.demo.POM.Checkout.ClickCheckOut(Checkout.java:47)
at com.demo.test.ChekOutTest.ChekOutprocess(ChekOutTest.java:27)
at java.base/java.util.ArrayList.forEach(ArrayList.java:1596)
... Removed 25 stack frames]]>
    </failure>
  </testcase> <!-- ChekOutprocess -->
  <testcase classname="com.demo.test.AddtocartTest" name="AddToCart" time="0.008">
    <failure type="java.lang.NullPointerException" message="Cannot invoke &amp;quot;org.openqa.selenium.WebDriver.findElement(org.openqa.selenium.By)&amp;quot; because &amp;quot;this.driver&amp;quot; is null">
      <![CDATA[java.lang.NullPointerException: Cannot invoke "org.openqa.selenium.WebDriver.findElement(org.openqa.selenium.By)" because "this.driver" is null
at com.demo.POM.Add_To_Cart.Clickcartbtn(Add_To_Cart.java:34)
at com.demo.test.AddtocartTest.AddToCart(AddtocartTest.java:24)
at java.base/java.util.ArrayList.forEach(ArrayList.java:1596)
... Removed 25 stack frames]]>
    </failure>
  </testcase> <!-- AddToCart -->
  <testcase classname="com.demo.test.LoginTest" name="login" time="0.0">
    <skipped/>
  </testcase> <!-- login -->
</testsuite> <!-- Test -->
